g:\uni\sim\practica4\skeleton\debug\gamestatemanager.obj
g:\uni\sim\practica4\skeleton\debug\fieldsystem.obj
g:\uni\sim\practica4\skeleton\debug\bodysystem.obj
g:\uni\sim\practica4\skeleton\debug\camera.obj
g:\uni\sim\practica4\skeleton\debug\bodyforces.obj
g:\uni\sim\practica4\skeleton\debug\playstate.obj
g:\uni\sim\practica4\skeleton\debug\particleforceregistry.obj
g:\uni\sim\practica4\skeleton\debug\scene.obj
g:\uni\sim\practica4\skeleton\debug\particlesystem.obj
g:\uni\sim\practica4\skeleton\debug\levelgenerator.obj
g:\uni\sim\practica4\skeleton\debug\playercontroller.obj
g:\uni\sim\practica4\skeleton\debug\main.obj
g:\uni\sim\practica4\skeleton\debug\forcefield.obj
g:\uni\sim\practica4\skeleton\debug\render.obj
g:\uni\sim\practica4\skeleton\debug\particle.obj
g:\uni\sim\practica4\skeleton\debug\callbacks.obj
g:\uni\sim\practica4\skeleton\debug\rigidbody.obj
g:\uni\sim\practica4\skeleton\debug\timer.obj
g:\uni\sim\practica4\skeleton\debug\particleforces.obj
g:\uni\sim\practica4\skeleton\debug\renderutils.obj
g:\uni\sim\practica4\bin\gamedebug.pdb
g:\uni\sim\practica4\bin\gamedebug.exe
g:\uni\sim\practica4\bin\gamedebug.ilk
g:\uni\sim\practica4\skeleton\debug\game.tlog\cl.command.1.tlog
g:\uni\sim\practica4\skeleton\debug\game.tlog\cl.read.1.tlog
g:\uni\sim\practica4\skeleton\debug\game.tlog\cl.write.1.tlog
g:\uni\sim\practica4\skeleton\debug\game.tlog\link.command.1.tlog
g:\uni\sim\practica4\skeleton\debug\game.tlog\link.read.1.tlog
g:\uni\sim\practica4\skeleton\debug\game.tlog\link.write.1.tlog
